2025-07-16 14:31:42 [ERROR]: Invalid token: invalid signature
2025-07-16 14:31:42 [ERROR]: Invalid token: invalid signature
2025-07-16 14:31:55 [ERROR]: Invalid token: invalid signature
2025-07-16 14:31:55 [ERROR]: Invalid token: invalid signature
2025-07-16 14:54:21 [ERROR]: User validation failed: name: Path `name` is required. - ValidationError: User validation failed: name: Path `name` is required.
    at Document.invalidate (/home/ashlok/projects/todo/node_modules/.pnpm/mongoose@8.16.3/node_modules/mongoose/lib/document.js:3354:32)
    at /home/ashlok/projects/todo/node_modules/.pnpm/mongoose@8.16.3/node_modules/mongoose/lib/document.js:3115:17
    at /home/ashlok/projects/todo/node_modules/.pnpm/mongoose@8.16.3/node_modules/mongoose/lib/schemaType.js:1410:9
    at process.processTicksAndRejections (node:internal/process/task_queues:85:11)
2025-07-16 14:55:57 [ERROR]: All fields are required - Error: All fields are required
    at register (file:///home/ashlok/projects/todo/src/controllers/auth.controller.js:11:27)
    at Layer.handleRequest (/home/ashlok/projects/todo/node_modules/.pnpm/router@2.2.0/node_modules/router/lib/layer.js:152:17)
    at next (/home/ashlok/projects/todo/node_modules/.pnpm/router@2.2.0/node_modules/router/lib/route.js:157:13)
    at Route.dispatch (/home/ashlok/projects/todo/node_modules/.pnpm/router@2.2.0/node_modules/router/lib/route.js:117:3)
    at handle (/home/ashlok/projects/todo/node_modules/.pnpm/router@2.2.0/node_modules/router/index.js:435:11)
    at Layer.handleRequest (/home/ashlok/projects/todo/node_modules/.pnpm/router@2.2.0/node_modules/router/lib/layer.js:152:17)
    at /home/ashlok/projects/todo/node_modules/.pnpm/router@2.2.0/node_modules/router/index.js:295:15
    at processParams (/home/ashlok/projects/todo/node_modules/.pnpm/router@2.2.0/node_modules/router/index.js:582:12)
    at next (/home/ashlok/projects/todo/node_modules/.pnpm/router@2.2.0/node_modules/router/index.js:291:5)
    at router.handle (/home/ashlok/projects/todo/node_modules/.pnpm/router@2.2.0/node_modules/router/index.js:186:3)
2025-07-16 14:56:21 [ERROR]: All fields are required - Error: All fields are required
    at register (file:///home/ashlok/projects/todo/src/controllers/auth.controller.js:11:27)
    at Layer.handleRequest (/home/ashlok/projects/todo/node_modules/.pnpm/router@2.2.0/node_modules/router/lib/layer.js:152:17)
    at next (/home/ashlok/projects/todo/node_modules/.pnpm/router@2.2.0/node_modules/router/lib/route.js:157:13)
    at Route.dispatch (/home/ashlok/projects/todo/node_modules/.pnpm/router@2.2.0/node_modules/router/lib/route.js:117:3)
    at handle (/home/ashlok/projects/todo/node_modules/.pnpm/router@2.2.0/node_modules/router/index.js:435:11)
    at Layer.handleRequest (/home/ashlok/projects/todo/node_modules/.pnpm/router@2.2.0/node_modules/router/lib/layer.js:152:17)
    at /home/ashlok/projects/todo/node_modules/.pnpm/router@2.2.0/node_modules/router/index.js:295:15
    at processParams (/home/ashlok/projects/todo/node_modules/.pnpm/router@2.2.0/node_modules/router/index.js:582:12)
    at next (/home/ashlok/projects/todo/node_modules/.pnpm/router@2.2.0/node_modules/router/index.js:291:5)
    at router.handle (/home/ashlok/projects/todo/node_modules/.pnpm/router@2.2.0/node_modules/router/index.js:186:3)
2025-07-16 19:52:09 [ERROR]: Invalid token: jwt expired
2025-07-16 19:52:09 [ERROR]: Invalid token: jwt expired
2025-07-16 19:52:09 [ERROR]: Invalid token: jwt expired
2025-07-16 19:52:09 [ERROR]: Invalid token: jwt expired
2025-07-16 20:01:40 [ERROR]: C0F8B7EC477F0000:error:0A000438:SSL routines:ssl3_read_bytes:tlsv1 alert internal error:ssl/record/rec_layer_s3.c:916:SSL alert number 80
 - MongoServerSelectionError: C0F8B7EC477F0000:error:0A000438:SSL routines:ssl3_read_bytes:tlsv1 alert internal error:ssl/record/rec_layer_s3.c:916:SSL alert number 80

    at Topology.selectServer (/home/ashlok/projects/todo/node_modules/.pnpm/mongodb@6.17.0/node_modules/mongodb/lib/sdam/topology.js:326:38)
    at async tryOperation (/home/ashlok/projects/todo/node_modules/.pnpm/mongodb@6.17.0/node_modules/mongodb/lib/operations/execute_operation.js:145:18)
    at async executeOperation (/home/ashlok/projects/todo/node_modules/.pnpm/mongodb@6.17.0/node_modules/mongodb/lib/operations/execute_operation.js:75:16)
    at async FindCursor._initialize (/home/ashlok/projects/todo/node_modules/.pnpm/mongodb@6.17.0/node_modules/mongodb/lib/cursor/find_cursor.js:61:26)
    at async FindCursor.cursorInit (/home/ashlok/projects/todo/node_modules/.pnpm/mongodb@6.17.0/node_modules/mongodb/lib/cursor/abstract_cursor.js:633:27)
    at async FindCursor.fetchBatch (/home/ashlok/projects/todo/node_modules/.pnpm/mongodb@6.17.0/node_modules/mongodb/lib/cursor/abstract_cursor.js:667:13)
    at async FindCursor.next (/home/ashlok/projects/todo/node_modules/.pnpm/mongodb@6.17.0/node_modules/mongodb/lib/cursor/abstract_cursor.js:347:17)
    at async [Symbol.asyncIterator] (/home/ashlok/projects/todo/node_modules/.pnpm/mongodb@6.17.0/node_modules/mongodb/lib/cursor/abstract_cursor.js:255:34)
    at async FindCursor.toArray (/home/ashlok/projects/todo/node_modules/.pnpm/mongodb@6.17.0/node_modules/mongodb/lib/cursor/abstract_cursor.js:427:26)
    at async model.Query._find (/home/ashlok/projects/todo/node_modules/.pnpm/mongoose@8.16.3/node_modules/mongoose/lib/query.js:2407:14)
2025-07-16 20:01:40 [ERROR]: Error fetching action logs: C0F8B7EC477F0000:error:0A000438:SSL routines:ssl3_read_bytes:tlsv1 alert internal error:ssl/record/rec_layer_s3.c:916:SSL alert number 80

2025-07-16 20:01:40 [ERROR]: C0F8B7EC477F0000:error:0A000438:SSL routines:ssl3_read_bytes:tlsv1 alert internal error:ssl/record/rec_layer_s3.c:916:SSL alert number 80
 - MongoServerSelectionError: C0F8B7EC477F0000:error:0A000438:SSL routines:ssl3_read_bytes:tlsv1 alert internal error:ssl/record/rec_layer_s3.c:916:SSL alert number 80

    at Topology.selectServer (/home/ashlok/projects/todo/node_modules/.pnpm/mongodb@6.17.0/node_modules/mongodb/lib/sdam/topology.js:326:38)
    at async tryOperation (/home/ashlok/projects/todo/node_modules/.pnpm/mongodb@6.17.0/node_modules/mongodb/lib/operations/execute_operation.js:145:18)
    at async executeOperation (/home/ashlok/projects/todo/node_modules/.pnpm/mongodb@6.17.0/node_modules/mongodb/lib/operations/execute_operation.js:75:16)
    at async FindCursor._initialize (/home/ashlok/projects/todo/node_modules/.pnpm/mongodb@6.17.0/node_modules/mongodb/lib/cursor/find_cursor.js:61:26)
    at async FindCursor.cursorInit (/home/ashlok/projects/todo/node_modules/.pnpm/mongodb@6.17.0/node_modules/mongodb/lib/cursor/abstract_cursor.js:633:27)
    at async FindCursor.fetchBatch (/home/ashlok/projects/todo/node_modules/.pnpm/mongodb@6.17.0/node_modules/mongodb/lib/cursor/abstract_cursor.js:667:13)
    at async FindCursor.next (/home/ashlok/projects/todo/node_modules/.pnpm/mongodb@6.17.0/node_modules/mongodb/lib/cursor/abstract_cursor.js:347:17)
    at async [Symbol.asyncIterator] (/home/ashlok/projects/todo/node_modules/.pnpm/mongodb@6.17.0/node_modules/mongodb/lib/cursor/abstract_cursor.js:255:34)
    at async FindCursor.toArray (/home/ashlok/projects/todo/node_modules/.pnpm/mongodb@6.17.0/node_modules/mongodb/lib/cursor/abstract_cursor.js:427:26)
    at async model.Query._find (/home/ashlok/projects/todo/node_modules/.pnpm/mongoose@8.16.3/node_modules/mongoose/lib/query.js:2407:14)
2025-07-16 20:26:10 [ERROR]: Operation `users.findOne()` buffering timed out after 10000ms - MongooseError: Operation `users.findOne()` buffering timed out after 10000ms
    at Timeout.<anonymous> (/home/ashlok/projects/todo/node_modules/.pnpm/mongoose@8.16.3/node_modules/mongoose/lib/drivers/node-mongodb-native/collection.js:187:23)
    at listOnTimeout (node:internal/timers:608:17)
    at process.processTimers (node:internal/timers:543:7)
2025-07-16 22:18:20 [ERROR]: Cast to ObjectId failed for value "undefined" (type string) at path "_id" for model "Task" - CastError: Cast to ObjectId failed for value "undefined" (type string) at path "_id" for model "Task"
    at SchemaObjectId.cast (/home/ashlok/projects/todo/node_modules/.pnpm/mongoose@8.16.3/node_modules/mongoose/lib/schema/objectId.js:251:11)
    at SchemaType.applySetters (/home/ashlok/projects/todo/node_modules/.pnpm/mongoose@8.16.3/node_modules/mongoose/lib/schemaType.js:1258:12)
    at SchemaType.castForQuery (/home/ashlok/projects/todo/node_modules/.pnpm/mongoose@8.16.3/node_modules/mongoose/lib/schemaType.js:1676:17)
    at cast (/home/ashlok/projects/todo/node_modules/.pnpm/mongoose@8.16.3/node_modules/mongoose/lib/cast.js:390:32)
    at Query.cast (/home/ashlok/projects/todo/node_modules/.pnpm/mongoose@8.16.3/node_modules/mongoose/lib/query.js:5055:12)
    at Query._castConditions (/home/ashlok/projects/todo/node_modules/.pnpm/mongoose@8.16.3/node_modules/mongoose/lib/query.js:2351:10)
    at model.Query._findOne (/home/ashlok/projects/todo/node_modules/.pnpm/mongoose@8.16.3/node_modules/mongoose/lib/query.js:2674:8)
    at model.Query.exec (/home/ashlok/projects/todo/node_modules/.pnpm/mongoose@8.16.3/node_modules/mongoose/lib/query.js:4604:80)
    at process.processTicksAndRejections (node:internal/process/task_queues:105:5)
    at async updateTask (file:///home/ashlok/projects/todo/src/controllers/task.controller.js:42:18)
2025-07-16 22:19:19 [ERROR]: Cast to ObjectId failed for value "undefined" (type string) at path "_id" for model "Task" - CastError: Cast to ObjectId failed for value "undefined" (type string) at path "_id" for model "Task"
    at SchemaObjectId.cast (/home/ashlok/projects/todo/node_modules/.pnpm/mongoose@8.16.3/node_modules/mongoose/lib/schema/objectId.js:251:11)
    at SchemaType.applySetters (/home/ashlok/projects/todo/node_modules/.pnpm/mongoose@8.16.3/node_modules/mongoose/lib/schemaType.js:1258:12)
    at SchemaType.castForQuery (/home/ashlok/projects/todo/node_modules/.pnpm/mongoose@8.16.3/node_modules/mongoose/lib/schemaType.js:1676:17)
    at cast (/home/ashlok/projects/todo/node_modules/.pnpm/mongoose@8.16.3/node_modules/mongoose/lib/cast.js:390:32)
    at Query.cast (/home/ashlok/projects/todo/node_modules/.pnpm/mongoose@8.16.3/node_modules/mongoose/lib/query.js:5055:12)
    at Query._castConditions (/home/ashlok/projects/todo/node_modules/.pnpm/mongoose@8.16.3/node_modules/mongoose/lib/query.js:2351:10)
    at model.Query._findOne (/home/ashlok/projects/todo/node_modules/.pnpm/mongoose@8.16.3/node_modules/mongoose/lib/query.js:2674:8)
    at model.Query.exec (/home/ashlok/projects/todo/node_modules/.pnpm/mongoose@8.16.3/node_modules/mongoose/lib/query.js:4604:80)
    at process.processTicksAndRejections (node:internal/process/task_queues:105:5)
    at async updateTask (file:///home/ashlok/projects/todo/src/controllers/task.controller.js:44:18)
2025-07-16 22:19:46 [ERROR]: Task not found - Error: Task not found
    at updateTask (file:///home/ashlok/projects/todo/src/controllers/task.controller.js:48:27)
    at process.processTicksAndRejections (node:internal/process/task_queues:105:5)
2025-07-16 22:20:26 [ERROR]: Task not found - Error: Task not found
    at updateTask (file:///home/ashlok/projects/todo/src/controllers/task.controller.js:48:27)
    at process.processTicksAndRejections (node:internal/process/task_queues:105:5)
2025-07-16 22:21:06 [ERROR]: Task not found - Error: Task not found
    at updateTask (file:///home/ashlok/projects/todo/src/controllers/task.controller.js:48:27)
    at process.processTicksAndRejections (node:internal/process/task_queues:105:5)
2025-07-16 22:22:35 [ERROR]: Schema hasn't been registered for model "_id".
Use mongoose.model(name, schema) - MissingSchemaError: Schema hasn't been registered for model "_id".
Use mongoose.model(name, schema)
    at NativeConnection.model (/home/ashlok/projects/todo/node_modules/.pnpm/mongoose@8.16.3/node_modules/mongoose/lib/connection.js:1491:13)
    at _getModelFromConn (/home/ashlok/projects/todo/node_modules/.pnpm/mongoose@8.16.3/node_modules/mongoose/lib/helpers/populate/getModelsMapForPopulate.js:579:15)
    at addModelNamesToMap (/home/ashlok/projects/todo/node_modules/.pnpm/mongoose@8.16.3/node_modules/mongoose/lib/helpers/populate/getModelsMapForPopulate.js:507:17)
    at getModelsMapForPopulate (/home/ashlok/projects/todo/node_modules/.pnpm/mongoose@8.16.3/node_modules/mongoose/lib/helpers/populate/getModelsMapForPopulate.js:208:7)
    at _populatePath (/home/ashlok/projects/todo/node_modules/.pnpm/mongoose@8.16.3/node_modules/mongoose/lib/model.js:4469:21)
    at model.populate (/home/ashlok/projects/todo/node_modules/.pnpm/mongoose@8.16.3/node_modules/mongoose/lib/model.js:4436:21)
    at model.Query._find (/home/ashlok/projects/todo/node_modules/.pnpm/mongoose@8.16.3/node_modules/mongoose/lib/query.js:2433:20)
    at process.processTicksAndRejections (node:internal/process/task_queues:105:5)
    at async model.Query.exec (/home/ashlok/projects/todo/node_modules/.pnpm/mongoose@8.16.3/node_modules/mongoose/lib/query.js:4604:63)
    at async getTasks (file:///home/ashlok/projects/todo/src/controllers/task.controller.js:31:19)
2025-07-16 22:22:36 [ERROR]: Schema hasn't been registered for model "_id".
Use mongoose.model(name, schema) - MissingSchemaError: Schema hasn't been registered for model "_id".
Use mongoose.model(name, schema)
    at NativeConnection.model (/home/ashlok/projects/todo/node_modules/.pnpm/mongoose@8.16.3/node_modules/mongoose/lib/connection.js:1491:13)
    at _getModelFromConn (/home/ashlok/projects/todo/node_modules/.pnpm/mongoose@8.16.3/node_modules/mongoose/lib/helpers/populate/getModelsMapForPopulate.js:579:15)
    at addModelNamesToMap (/home/ashlok/projects/todo/node_modules/.pnpm/mongoose@8.16.3/node_modules/mongoose/lib/helpers/populate/getModelsMapForPopulate.js:507:17)
    at getModelsMapForPopulate (/home/ashlok/projects/todo/node_modules/.pnpm/mongoose@8.16.3/node_modules/mongoose/lib/helpers/populate/getModelsMapForPopulate.js:208:7)
    at _populatePath (/home/ashlok/projects/todo/node_modules/.pnpm/mongoose@8.16.3/node_modules/mongoose/lib/model.js:4469:21)
    at model.populate (/home/ashlok/projects/todo/node_modules/.pnpm/mongoose@8.16.3/node_modules/mongoose/lib/model.js:4436:21)
    at model.Query._find (/home/ashlok/projects/todo/node_modules/.pnpm/mongoose@8.16.3/node_modules/mongoose/lib/query.js:2433:20)
    at process.processTicksAndRejections (node:internal/process/task_queues:105:5)
    at async model.Query.exec (/home/ashlok/projects/todo/node_modules/.pnpm/mongoose@8.16.3/node_modules/mongoose/lib/query.js:4604:63)
    at async getTasks (file:///home/ashlok/projects/todo/src/controllers/task.controller.js:31:19)
2025-07-16 22:29:54 [ERROR]: Task not found - Error: Task not found
    at updateTask (file:///home/ashlok/projects/todo/src/controllers/task.controller.js:48:27)
    at process.processTicksAndRejections (node:internal/process/task_queues:105:5)
2025-07-16 22:30:02 [ERROR]: Task not found - Error: Task not found
    at updateTask (file:///home/ashlok/projects/todo/src/controllers/task.controller.js:48:27)
    at process.processTicksAndRejections (node:internal/process/task_queues:105:5)
2025-07-16 22:30:26 [ERROR]: Cast to ObjectId failed for value "undefined" (type string) at path "_id" for model "Task" - CastError: Cast to ObjectId failed for value "undefined" (type string) at path "_id" for model "Task"
    at SchemaObjectId.cast (/home/ashlok/projects/todo/node_modules/.pnpm/mongoose@8.16.3/node_modules/mongoose/lib/schema/objectId.js:251:11)
    at SchemaType.applySetters (/home/ashlok/projects/todo/node_modules/.pnpm/mongoose@8.16.3/node_modules/mongoose/lib/schemaType.js:1258:12)
    at SchemaType.castForQuery (/home/ashlok/projects/todo/node_modules/.pnpm/mongoose@8.16.3/node_modules/mongoose/lib/schemaType.js:1676:17)
    at cast (/home/ashlok/projects/todo/node_modules/.pnpm/mongoose@8.16.3/node_modules/mongoose/lib/cast.js:390:32)
    at Query.cast (/home/ashlok/projects/todo/node_modules/.pnpm/mongoose@8.16.3/node_modules/mongoose/lib/query.js:5055:12)
    at Query._castConditions (/home/ashlok/projects/todo/node_modules/.pnpm/mongoose@8.16.3/node_modules/mongoose/lib/query.js:2351:10)
    at model.Query._findOne (/home/ashlok/projects/todo/node_modules/.pnpm/mongoose@8.16.3/node_modules/mongoose/lib/query.js:2674:8)
    at model.Query.exec (/home/ashlok/projects/todo/node_modules/.pnpm/mongoose@8.16.3/node_modules/mongoose/lib/query.js:4604:80)
    at process.processTicksAndRejections (node:internal/process/task_queues:105:5)
    at async updateTask (file:///home/ashlok/projects/todo/src/controllers/task.controller.js:44:18)
2025-07-16 22:32:56 [ERROR]: E11000 duplicate key error collection: test.tasks index: title_1 dup key: { title: "Ashlok Chaudhary" } - MongoServerError: E11000 duplicate key error collection: test.tasks index: title_1 dup key: { title: "Ashlok Chaudhary" }
    at InsertOneOperation.execute (/home/ashlok/projects/todo/node_modules/.pnpm/mongodb@6.17.0/node_modules/mongodb/lib/operations/insert.js:51:19)
    at process.processTicksAndRejections (node:internal/process/task_queues:105:5)
    at async tryOperation (/home/ashlok/projects/todo/node_modules/.pnpm/mongodb@6.17.0/node_modules/mongodb/lib/operations/execute_operation.js:207:20)
    at async executeOperation (/home/ashlok/projects/todo/node_modules/.pnpm/mongodb@6.17.0/node_modules/mongodb/lib/operations/execute_operation.js:75:16)
    at async Collection.insertOne (/home/ashlok/projects/todo/node_modules/.pnpm/mongodb@6.17.0/node_modules/mongodb/lib/collection.js:157:16)
2025-07-16 22:35:21 [ERROR]: Task not found - Error: Task not found
    at updateTask (file:///home/ashlok/projects/todo/src/controllers/task.controller.js:46:27)
    at process.processTicksAndRejections (node:internal/process/task_queues:105:5)
2025-07-16 22:35:24 [ERROR]: Task not found - Error: Task not found
    at updateTask (file:///home/ashlok/projects/todo/src/controllers/task.controller.js:46:27)
    at process.processTicksAndRejections (node:internal/process/task_queues:105:5)
2025-07-16 22:37:47 [ERROR]: Task not found - Error: Task not found
    at updateTask (file:///home/ashlok/projects/todo/src/controllers/task.controller.js:46:27)
    at process.processTicksAndRejections (node:internal/process/task_queues:105:5)
2025-07-16 22:37:51 [ERROR]: Task not found - Error: Task not found
    at updateTask (file:///home/ashlok/projects/todo/src/controllers/task.controller.js:46:27)
    at process.processTicksAndRejections (node:internal/process/task_queues:105:5)
2025-07-16 22:45:00 [ERROR]: Task not found - Error: Task not found
    at updateTask (file:///home/ashlok/projects/todo/src/controllers/task.controller.js:46:27)
    at process.processTicksAndRejections (node:internal/process/task_queues:105:5)
2025-07-16 22:45:55 [ERROR]: Task not found - Error: Task not found
    at updateTask (file:///home/ashlok/projects/todo/src/controllers/task.controller.js:48:27)
    at process.processTicksAndRejections (node:internal/process/task_queues:105:5)
